Copyright 1986-2019 Xilinx, Inc. All Rights Reserved.
------------------------------------------------------------------------------------
| Tool Version : Vivado v.2019.1 (win64) Build 2552052 Fri May 24 14:49:42 MDT 2019
| Date         : Sun Oct 13 01:09:56 2024
| Host         : LeeJaePyeongDesktop running 64-bit major release  (build 9200)
| Command      : upgrade_ip
| Device       : xc7z020clg400-1
------------------------------------------------------------------------------------

Upgrade Log for IP 'design_1_tinyNPU_0_0'

1. Summary
----------

SUCCESS in the conversion of design_1_tinyNPU_0_0 (xilinx.com:user:tinyNPU:1.0 (Rev. 23)) to Vivado generation flows.






Copyright 1986-2019 Xilinx, Inc. All Rights Reserved.
------------------------------------------------------------------------------------
| Tool Version : Vivado v.2019.1 (win64) Build 2552052 Fri May 24 14:49:42 MDT 2019
| Date         : Sun Oct 13 00:55:55 2024
| Host         : LeeJaePyeongDesktop running 64-bit major release  (build 9200)
| Command      : upgrade_ip
| Device       : xc7z020clg400-1
------------------------------------------------------------------------------------

Upgrade Log for IP 'design_1_tinyNPU_0_0'

1. Summary
----------

SUCCESS in the conversion of design_1_tinyNPU_0_0 (xilinx.com:user:tinyNPU:1.0 (Rev. 23)) to Vivado generation flows.






Copyright 1986-2019 Xilinx, Inc. All Rights Reserved.
------------------------------------------------------------------------------------
| Tool Version : Vivado v.2019.1 (win64) Build 2552052 Fri May 24 14:49:42 MDT 2019
| Date         : Sat Oct 12 23:01:08 2024
| Host         : LeeJaePyeongDesktop running 64-bit major release  (build 9200)
| Command      : upgrade_ip
| Device       : xc7z020clg400-1
------------------------------------------------------------------------------------

Upgrade Log for IP 'design_1_tinyNPU_0_0'

1. Summary
----------

SUCCESS in the conversion of design_1_tinyNPU_0_0 (xilinx.com:user:tinyNPU:1.0 (Rev. 23)) to Vivado generation flows.






Copyright 1986-2019 Xilinx, Inc. All Rights Reserved.
------------------------------------------------------------------------------------
| Tool Version : Vivado v.2019.1 (win64) Build 2552052 Fri May 24 14:49:42 MDT 2019
| Date         : Sat Oct 12 22:45:37 2024
| Host         : LeeJaePyeongDesktop running 64-bit major release  (build 9200)
| Command      : upgrade_ip
| Device       : xc7z020clg400-1
------------------------------------------------------------------------------------

Upgrade Log for IP 'design_1_tinyNPU_0_0'

1. Summary
----------

SUCCESS in the conversion of design_1_tinyNPU_0_0 (xilinx.com:user:tinyNPU:1.0 (Rev. 23)) to Vivado generation flows.






Copyright 1986-2019 Xilinx, Inc. All Rights Reserved.
------------------------------------------------------------------------------------
| Tool Version : Vivado v.2019.1 (win64) Build 2552052 Fri May 24 14:49:42 MDT 2019
| Date         : Sat Oct 12 22:28:30 2024
| Host         : LeeJaePyeongDesktop running 64-bit major release  (build 9200)
| Command      : upgrade_ip
| Device       : xc7z020clg400-1
------------------------------------------------------------------------------------

Upgrade Log for IP 'design_1_tinyNPU_0_0'

1. Summary
----------

SUCCESS in the conversion of design_1_tinyNPU_0_0 (xilinx.com:user:tinyNPU:1.0 (Rev. 23)) to Vivado generation flows.






Copyright 1986-2019 Xilinx, Inc. All Rights Reserved.
------------------------------------------------------------------------------------
| Tool Version : Vivado v.2019.1 (win64) Build 2552052 Fri May 24 14:49:42 MDT 2019
| Date         : Sat Oct 12 22:16:25 2024
| Host         : LeeJaePyeongDesktop running 64-bit major release  (build 9200)
| Command      : upgrade_ip
| Device       : xc7z020clg400-1
------------------------------------------------------------------------------------

Upgrade Log for IP 'design_1_tinyNPU_0_0'

1. Summary
----------

SUCCESS in the conversion of design_1_tinyNPU_0_0 (xilinx.com:user:tinyNPU:1.0 (Rev. 23)) to Vivado generation flows.






Copyright 1986-2019 Xilinx, Inc. All Rights Reserved.
------------------------------------------------------------------------------------
| Tool Version : Vivado v.2019.1 (win64) Build 2552052 Fri May 24 14:49:42 MDT 2019
| Date         : Sat Oct 12 22:03:52 2024
| Host         : LeeJaePyeongDesktop running 64-bit major release  (build 9200)
| Command      : upgrade_ip
| Device       : xc7z020clg400-1
------------------------------------------------------------------------------------

Upgrade Log for IP 'design_1_tinyNPU_0_0'

1. Summary
----------

SUCCESS in the conversion of design_1_tinyNPU_0_0 (xilinx.com:user:tinyNPU:1.0 (Rev. 23)) to Vivado generation flows.






Copyright 1986-2019 Xilinx, Inc. All Rights Reserved.
------------------------------------------------------------------------------------
| Tool Version : Vivado v.2019.1 (win64) Build 2552052 Fri May 24 14:49:42 MDT 2019
| Date         : Sat Oct 12 21:39:58 2024
| Host         : LeeJaePyeongDesktop running 64-bit major release  (build 9200)
| Command      : upgrade_ip
| Device       : xc7z020clg400-1
------------------------------------------------------------------------------------

Upgrade Log for IP 'design_1_tinyNPU_0_0'

1. Summary
----------

SUCCESS in the conversion of design_1_tinyNPU_0_0 (xilinx.com:user:tinyNPU:1.0 (Rev. 23)) to Vivado generation flows.






Copyright 1986-2019 Xilinx, Inc. All Rights Reserved.
------------------------------------------------------------------------------------
| Tool Version : Vivado v.2019.1 (win64) Build 2552052 Fri May 24 14:49:42 MDT 2019
| Date         : Sat Oct 12 21:26:49 2024
| Host         : LeeJaePyeongDesktop running 64-bit major release  (build 9200)
| Command      : upgrade_ip
| Device       : xc7z020clg400-1
------------------------------------------------------------------------------------

Upgrade Log for IP 'design_1_tinyNPU_0_0'

1. Summary
----------

SUCCESS in the conversion of design_1_tinyNPU_0_0 (xilinx.com:user:tinyNPU:1.0 (Rev. 23)) to Vivado generation flows.






Copyright 1986-2019 Xilinx, Inc. All Rights Reserved.
------------------------------------------------------------------------------------
| Tool Version : Vivado v.2019.1 (win64) Build 2552052 Fri May 24 14:49:42 MDT 2019
| Date         : Sat Oct 12 21:26:38 2024
| Host         : LeeJaePyeongDesktop running 64-bit major release  (build 9200)
| Command      : upgrade_ip
| Device       : xc7z020clg400-1
------------------------------------------------------------------------------------

Upgrade Log for IP 'design_1_tinyNPU_0_0'

1. Summary
----------

SUCCESS in the conversion of design_1_tinyNPU_0_0 (xilinx.com:user:tinyNPU:1.0 (Rev. 23)) to Vivado generation flows.






Copyright 1986-2019 Xilinx, Inc. All Rights Reserved.
------------------------------------------------------------------------------------
| Tool Version : Vivado v.2019.1 (win64) Build 2552052 Fri May 24 14:49:42 MDT 2019
| Date         : Sat Oct 12 21:02:46 2024
| Host         : LeeJaePyeongDesktop running 64-bit major release  (build 9200)
| Command      : upgrade_ip
| Device       : xc7z020clg400-1
------------------------------------------------------------------------------------

Upgrade Log for IP 'design_1_tinyNPU_0_0'

1. Summary
----------

SUCCESS in the conversion of design_1_tinyNPU_0_0 (xilinx.com:user:tinyNPU:1.0 (Rev. 23)) to Vivado generation flows.






Copyright 1986-2019 Xilinx, Inc. All Rights Reserved.
------------------------------------------------------------------------------------
| Tool Version : Vivado v.2019.1 (win64) Build 2552052 Fri May 24 14:49:42 MDT 2019
| Date         : Sat Oct 12 20:55:45 2024
| Host         : LeeJaePyeongDesktop running 64-bit major release  (build 9200)
| Command      : upgrade_ip
| Device       : xc7z020clg400-1
------------------------------------------------------------------------------------

Upgrade Log for IP 'design_1_tinyNPU_0_0'

1. Summary
----------

SUCCESS in the conversion of design_1_tinyNPU_0_0 (xilinx.com:user:tinyNPU:1.0 (Rev. 23)) to Vivado generation flows.






Copyright 1986-2019 Xilinx, Inc. All Rights Reserved.
------------------------------------------------------------------------------------
| Tool Version : Vivado v.2019.1 (win64) Build 2552052 Fri May 24 14:49:42 MDT 2019
| Date         : Sat Oct 12 20:52:09 2024
| Host         : LeeJaePyeongDesktop running 64-bit major release  (build 9200)
| Command      : upgrade_ip
| Device       : xc7z020clg400-1
------------------------------------------------------------------------------------

Upgrade Log for IP 'design_1_tinyNPU_0_0'

1. Summary
----------

SUCCESS in the conversion of design_1_tinyNPU_0_0 (xilinx.com:user:tinyNPU:1.0 (Rev. 23)) to Vivado generation flows.






Copyright 1986-2019 Xilinx, Inc. All Rights Reserved.
------------------------------------------------------------------------------------
| Tool Version : Vivado v.2019.1 (win64) Build 2552052 Fri May 24 14:49:42 MDT 2019
| Date         : Sat Oct 12 20:42:06 2024
| Host         : LeeJaePyeongDesktop running 64-bit major release  (build 9200)
| Command      : upgrade_ip
| Device       : xc7z020clg400-1
------------------------------------------------------------------------------------

Upgrade Log for IP 'design_1_tinyNPU_0_0'

1. Summary
----------

SUCCESS in the conversion of design_1_tinyNPU_0_0 (xilinx.com:user:tinyNPU:1.0 (Rev. 23)) to Vivado generation flows.






Copyright 1986-2019 Xilinx, Inc. All Rights Reserved.
------------------------------------------------------------------------------------
| Tool Version : Vivado v.2019.1 (win64) Build 2552052 Fri May 24 14:49:42 MDT 2019
| Date         : Sat Oct 12 19:58:07 2024
| Host         : LeeJaePyeongDesktop running 64-bit major release  (build 9200)
| Command      : upgrade_ip
| Device       : xc7z020clg400-1
------------------------------------------------------------------------------------

Upgrade Log for IP 'design_1_tinyNPU_0_0'

1. Summary
----------

SUCCESS in the conversion of design_1_tinyNPU_0_0 (xilinx.com:user:tinyNPU:1.0 (Rev. 23)) to Vivado generation flows.






Copyright 1986-2019 Xilinx, Inc. All Rights Reserved.
------------------------------------------------------------------------------------
| Tool Version : Vivado v.2019.1 (win64) Build 2552052 Fri May 24 14:49:42 MDT 2019
| Date         : Sat Oct 12 19:29:14 2024
| Host         : LeeJaePyeongDesktop running 64-bit major release  (build 9200)
| Command      : upgrade_ip
| Device       : xc7z020clg400-1
------------------------------------------------------------------------------------

Upgrade Log for IP 'design_1_tinyNPU_0_0'

1. Summary
----------

SUCCESS in the conversion of design_1_tinyNPU_0_0 (xilinx.com:user:tinyNPU:1.0 (Rev. 23)) to Vivado generation flows.






Copyright 1986-2019 Xilinx, Inc. All Rights Reserved.
------------------------------------------------------------------------------------
| Tool Version : Vivado v.2019.1 (win64) Build 2552052 Fri May 24 14:49:42 MDT 2019
| Date         : Sat Oct 12 17:01:38 2024
| Host         : LeeJaePyeongDesktop running 64-bit major release  (build 9200)
| Command      : upgrade_ip
| Device       : xc7z020clg400-1
------------------------------------------------------------------------------------

Upgrade Log for IP 'design_1_tinyNPU_0_0'

1. Summary
----------

SUCCESS in the conversion of design_1_tinyNPU_0_0 (xilinx.com:user:tinyNPU:1.0 (Rev. 23)) to Vivado generation flows.






Copyright 1986-2019 Xilinx, Inc. All Rights Reserved.
------------------------------------------------------------------------------------
| Tool Version : Vivado v.2019.1 (win64) Build 2552052 Fri May 24 14:49:42 MDT 2019
| Date         : Sat Oct 12 16:53:31 2024
| Host         : LeeJaePyeongDesktop running 64-bit major release  (build 9200)
| Command      : upgrade_ip
| Device       : xc7z020clg400-1
------------------------------------------------------------------------------------

Upgrade Log for IP 'design_1_tinyNPU_0_0'

1. Summary
----------

SUCCESS in the upgrade of design_1_tinyNPU_0_0 (xilinx.com:user:tinyNPU:1.0) from (Rev. 22) to (Rev. 23)






Copyright 1986-2019 Xilinx, Inc. All Rights Reserved.
------------------------------------------------------------------------------------
| Tool Version : Vivado v.2019.1 (win64) Build 2552052 Fri May 24 14:49:42 MDT 2019
| Date         : Sat Oct 12 16:53:22 2024
| Host         : LeeJaePyeongDesktop running 64-bit major release  (build 9200)
| Command      : upgrade_ip
| Device       : xc7z020clg400-1
------------------------------------------------------------------------------------

Upgrade Log for IP 'design_1_tinyNPU_0_0'

1. Summary
----------

SUCCESS in the conversion of design_1_tinyNPU_0_0 (xilinx.com:user:tinyNPU:1.0 (Rev. 22)) to Vivado generation flows.






Copyright 1986-2019 Xilinx, Inc. All Rights Reserved.
------------------------------------------------------------------------------------
| Tool Version : Vivado v.2019.1 (win64) Build 2552052 Fri May 24 14:49:42 MDT 2019
| Date         : Sat Oct 12 16:33:17 2024
| Host         : LeeJaePyeongDesktop running 64-bit major release  (build 9200)
| Command      : upgrade_ip
| Device       : xc7z020clg400-1
------------------------------------------------------------------------------------

Upgrade Log for IP 'design_1_tinyNPU_0_0'

1. Summary
----------

SUCCESS in the conversion of design_1_tinyNPU_0_0 (xilinx.com:user:tinyNPU:1.0 (Rev. 22)) to Vivado generation flows.






Copyright 1986-2019 Xilinx, Inc. All Rights Reserved.
------------------------------------------------------------------------------------
| Tool Version : Vivado v.2019.1 (win64) Build 2552052 Fri May 24 14:49:42 MDT 2019
| Date         : Sat Oct 12 15:59:13 2024
| Host         : LeeJaePyeongDesktop running 64-bit major release  (build 9200)
| Command      : upgrade_ip
| Device       : xc7z020clg400-1
------------------------------------------------------------------------------------

Upgrade Log for IP 'design_1_tinyNPU_0_0'

1. Summary
----------

SUCCESS in the conversion of design_1_tinyNPU_0_0 (xilinx.com:user:tinyNPU:1.0 (Rev. 22)) to Vivado generation flows.






Copyright 1986-2019 Xilinx, Inc. All Rights Reserved.
------------------------------------------------------------------------------------
| Tool Version : Vivado v.2019.1 (win64) Build 2552052 Fri May 24 14:49:42 MDT 2019
| Date         : Sat Oct 12 15:58:47 2024
| Host         : LeeJaePyeongDesktop running 64-bit major release  (build 9200)
| Command      : upgrade_ip
| Device       : xc7z020clg400-1
------------------------------------------------------------------------------------

Upgrade Log for IP 'design_1_tinyNPU_0_0'

1. Summary
----------

SUCCESS in the upgrade of design_1_tinyNPU_0_0 (xilinx.com:user:tinyNPU:1.0) from (Rev. 21) to (Rev. 22)






Copyright 1986-2019 Xilinx, Inc. All Rights Reserved.
------------------------------------------------------------------------------------
| Tool Version : Vivado v.2019.1 (win64) Build 2552052 Fri May 24 14:49:42 MDT 2019
| Date         : Sat Oct 12 15:18:33 2024
| Host         : LeeJaePyeongDesktop running 64-bit major release  (build 9200)
| Command      : upgrade_ip
| Device       : xc7z020clg400-1
------------------------------------------------------------------------------------

Upgrade Log for IP 'design_1_tinyNPU_0_0'

1. Summary
----------

SUCCESS in the upgrade of design_1_tinyNPU_0_0 (xilinx.com:user:tinyNPU:1.0) from (Rev. 20) to (Rev. 21)






Copyright 1986-2019 Xilinx, Inc. All Rights Reserved.
------------------------------------------------------------------------------------
| Tool Version : Vivado v.2019.1 (win64) Build 2552052 Fri May 24 14:49:42 MDT 2019
| Date         : Sat Oct 12 14:00:34 2024
| Host         : LeeJaePyeongDesktop running 64-bit major release  (build 9200)
| Command      : upgrade_ip
| Device       : xc7z020clg400-1
------------------------------------------------------------------------------------

Upgrade Log for IP 'design_1_tinyNPU_0_0'

1. Summary
----------

SUCCESS in the conversion of design_1_tinyNPU_0_0 (xilinx.com:user:tinyNPU:1.0 (Rev. 20)) to Vivado generation flows.






Copyright 1986-2019 Xilinx, Inc. All Rights Reserved.
------------------------------------------------------------------------------------
| Tool Version : Vivado v.2019.1 (win64) Build 2552052 Fri May 24 14:49:42 MDT 2019
| Date         : Sat Oct 12 13:56:10 2024
| Host         : LeeJaePyeongDesktop running 64-bit major release  (build 9200)
| Command      : upgrade_ip
| Device       : xc7z020clg400-1
------------------------------------------------------------------------------------

Upgrade Log for IP 'design_1_tinyNPU_0_0'

1. Summary
----------

SUCCESS in the conversion of design_1_tinyNPU_0_0 (xilinx.com:user:tinyNPU:1.0 (Rev. 20)) to Vivado generation flows.






Copyright 1986-2019 Xilinx, Inc. All Rights Reserved.
------------------------------------------------------------------------------------
| Tool Version : Vivado v.2019.1 (win64) Build 2552052 Fri May 24 14:49:42 MDT 2019
| Date         : Sat Oct 12 13:49:23 2024
| Host         : LeeJaePyeongDesktop running 64-bit major release  (build 9200)
| Command      : upgrade_ip
| Device       : xc7z020clg400-1
------------------------------------------------------------------------------------

Upgrade Log for IP 'design_1_tinyNPU_0_0'

1. Summary
----------

SUCCESS in the conversion of design_1_tinyNPU_0_0 (xilinx.com:user:tinyNPU:1.0 (Rev. 20)) to Vivado generation flows.






Copyright 1986-2019 Xilinx, Inc. All Rights Reserved.
------------------------------------------------------------------------------------
| Tool Version : Vivado v.2019.1 (win64) Build 2552052 Fri May 24 14:49:42 MDT 2019
| Date         : Sat Oct 12 13:47:50 2024
| Host         : LeeJaePyeongDesktop running 64-bit major release  (build 9200)
| Command      : upgrade_ip
| Device       : xc7z020clg400-1
------------------------------------------------------------------------------------

Upgrade Log for IP 'design_1_tinyNPU_0_0'

1. Summary
----------

SUCCESS in the upgrade of design_1_tinyNPU_0_0 (xilinx.com:user:tinyNPU:1.0) from (Rev. 19) to (Rev. 20)






Copyright 1986-2019 Xilinx, Inc. All Rights Reserved.
------------------------------------------------------------------------------------
| Tool Version : Vivado v.2019.1 (win64) Build 2552052 Fri May 24 14:49:42 MDT 2019
| Date         : Sat Oct 12 13:29:03 2024
| Host         : LeeJaePyeongDesktop running 64-bit major release  (build 9200)
| Command      : upgrade_ip
| Device       : xc7z020clg400-1
------------------------------------------------------------------------------------

Upgrade Log for IP 'design_1_tinyNPU_0_0'

1. Summary
----------

SUCCESS in the conversion of design_1_tinyNPU_0_0 (xilinx.com:user:tinyNPU:1.0 (Rev. 19)) to Vivado generation flows.






Copyright 1986-2019 Xilinx, Inc. All Rights Reserved.
------------------------------------------------------------------------------------
| Tool Version : Vivado v.2019.1 (win64) Build 2552052 Fri May 24 14:49:42 MDT 2019
| Date         : Sat Oct 12 13:05:20 2024
| Host         : LeeJaePyeongDesktop running 64-bit major release  (build 9200)
| Command      : upgrade_ip
| Device       : xc7z020clg400-1
------------------------------------------------------------------------------------

Upgrade Log for IP 'design_1_tinyNPU_0_0'

1. Summary
----------

SUCCESS in the conversion of design_1_tinyNPU_0_0 (xilinx.com:user:tinyNPU:1.0 (Rev. 19)) to Vivado generation flows.






Copyright 1986-2019 Xilinx, Inc. All Rights Reserved.
------------------------------------------------------------------------------------
| Tool Version : Vivado v.2019.1 (win64) Build 2552052 Fri May 24 14:49:42 MDT 2019
| Date         : Sat Oct 12 13:03:11 2024
| Host         : LeeJaePyeongDesktop running 64-bit major release  (build 9200)
| Command      : upgrade_ip
| Device       : xc7z020clg400-1
------------------------------------------------------------------------------------

Upgrade Log for IP 'design_1_tinyNPU_0_0'

1. Summary
----------

CAUTION (success, with warnings) in the upgrade of design_1_tinyNPU_0_0 (xilinx.com:user:tinyNPU:1.0) from (Rev. 18) to (Rev. 19)

After upgrade, an IP may have parameter and port differences compared to the original customization. Please review the parameters within the IP customization GUI to ensure proper functionality. Also, please review the updated IP instantiation template to ensure proper connectivity, and update your design if required.

2. Connection Warnings
----------------------

Detected external port differences while upgrading 'design_1_tinyNPU_0_0'. These changes may impact your design.


-Upgrade has added port 'o_state'







Copyright 1986-2019 Xilinx, Inc. All Rights Reserved.
------------------------------------------------------------------------------------
| Tool Version : Vivado v.2019.1 (win64) Build 2552052 Fri May 24 14:49:42 MDT 2019
| Date         : Sat Oct 12 02:25:05 2024
| Host         : LeeJaePyeongDesktop running 64-bit major release  (build 9200)
| Command      : upgrade_ip
| Device       : xc7z020clg400-1
------------------------------------------------------------------------------------

Upgrade Log for IP 'design_1_tinyNPU_0_0'

1. Summary
----------

SUCCESS in the conversion of design_1_tinyNPU_0_0 (xilinx.com:user:tinyNPU:1.0 (Rev. 18)) to Vivado generation flows.






Copyright 1986-2019 Xilinx, Inc. All Rights Reserved.
------------------------------------------------------------------------------------
| Tool Version : Vivado v.2019.1 (win64) Build 2552052 Fri May 24 14:49:42 MDT 2019
| Date         : Sat Oct 12 02:07:30 2024
| Host         : LeeJaePyeongDesktop running 64-bit major release  (build 9200)
| Command      : upgrade_ip
| Device       : xc7z020clg400-1
------------------------------------------------------------------------------------

Upgrade Log for IP 'design_1_tinyNPU_0_0'

1. Summary
----------

SUCCESS in the upgrade of design_1_tinyNPU_0_0 (xilinx.com:user:tinyNPU:1.0) from (Rev. 15) to (Rev. 18)






Copyright 1986-2019 Xilinx, Inc. All Rights Reserved.
------------------------------------------------------------------------------------
| Tool Version : Vivado v.2019.1 (win64) Build 2552052 Fri May 24 14:49:42 MDT 2019
| Date         : Thu Sep 19 22:32:57 2024
| Host         : LeeJaePyeongDesktop running 64-bit major release  (build 9200)
| Command      : upgrade_ip
| Device       : xc7z020clg400-1
------------------------------------------------------------------------------------

Upgrade Log for IP 'design_1_tinyNPU_0_0'

1. Summary
----------

SUCCESS in the upgrade of design_1_tinyNPU_0_0 (xilinx.com:user:tinyNPU:1.0) from (Rev. 14) to (Rev. 15)






Copyright 1986-2019 Xilinx, Inc. All Rights Reserved.
------------------------------------------------------------------------------------
| Tool Version : Vivado v.2019.1 (win64) Build 2552052 Fri May 24 14:49:42 MDT 2019
| Date         : Thu Sep 19 22:27:49 2024
| Host         : LeeJaePyeongDesktop running 64-bit major release  (build 9200)
| Command      : upgrade_ip
| Device       : xc7z020clg400-1
------------------------------------------------------------------------------------

Upgrade Log for IP 'design_1_tinyNPU_0_0'

1. Summary
----------

SUCCESS in the upgrade of design_1_tinyNPU_0_0 (xilinx.com:user:tinyNPU:1.0) from (Rev. 12) to (Rev. 14)






Copyright 1986-2019 Xilinx, Inc. All Rights Reserved.
------------------------------------------------------------------------------------
| Tool Version : Vivado v.2019.1 (win64) Build 2552052 Fri May 24 14:49:42 MDT 2019
| Date         : Thu Sep 19 00:59:58 2024
| Host         : LeeJaePyeongDesktop running 64-bit major release  (build 9200)
| Command      : upgrade_ip
| Device       : xc7z020clg400-1
------------------------------------------------------------------------------------

Upgrade Log for IP 'design_1_tinyNPU_0_0'

1. Summary
----------

SUCCESS in the upgrade of design_1_tinyNPU_0_0 (xilinx.com:user:tinyNPU:1.0) from (Rev. 11) to (Rev. 12)






Copyright 1986-2019 Xilinx, Inc. All Rights Reserved.
------------------------------------------------------------------------------------
| Tool Version : Vivado v.2019.1 (win64) Build 2552052 Fri May 24 14:49:42 MDT 2019
| Date         : Wed Sep 18 23:54:25 2024
| Host         : LeeJaePyeongDesktop running 64-bit major release  (build 9200)
| Command      : upgrade_ip
| Device       : xc7z020clg400-1
------------------------------------------------------------------------------------

Upgrade Log for IP 'design_1_tinyNPU_0_0'

1. Summary
----------

SUCCESS in the upgrade of design_1_tinyNPU_0_0 (xilinx.com:user:tinyNPU:1.0) from (Rev. 10) to (Rev. 11)






Copyright 1986-2019 Xilinx, Inc. All Rights Reserved.
------------------------------------------------------------------------------------
| Tool Version : Vivado v.2019.1 (win64) Build 2552052 Fri May 24 14:49:42 MDT 2019
| Date         : Wed Sep 18 23:44:00 2024
| Host         : LeeJaePyeongDesktop running 64-bit major release  (build 9200)
| Command      : upgrade_ip
| Device       : xc7z020clg400-1
------------------------------------------------------------------------------------

Upgrade Log for IP 'design_1_tinyNPU_0_0'

1. Summary
----------

SUCCESS in the conversion of design_1_tinyNPU_0_0 (xilinx.com:user:tinyNPU:1.0 (Rev. 10)) to Vivado generation flows.






Copyright 1986-2019 Xilinx, Inc. All Rights Reserved.
------------------------------------------------------------------------------------
| Tool Version : Vivado v.2019.1 (win64) Build 2552052 Fri May 24 14:49:42 MDT 2019
| Date         : Wed Sep 18 23:26:54 2024
| Host         : LeeJaePyeongDesktop running 64-bit major release  (build 9200)
| Command      : upgrade_ip
| Device       : xc7z020clg400-1
------------------------------------------------------------------------------------

Upgrade Log for IP 'design_1_tinyNPU_0_0'

1. Summary
----------

SUCCESS in the upgrade of design_1_tinyNPU_0_0 (xilinx.com:user:tinyNPU:1.0) from (Rev. 9) to (Rev. 10)






Copyright 1986-2019 Xilinx, Inc. All Rights Reserved.
------------------------------------------------------------------------------------
| Tool Version : Vivado v.2019.1 (win64) Build 2552052 Fri May 24 14:49:42 MDT 2019
| Date         : Wed Sep 18 22:56:31 2024
| Host         : LeeJaePyeongDesktop running 64-bit major release  (build 9200)
| Command      : upgrade_ip
| Device       : xc7z020clg400-1
------------------------------------------------------------------------------------

Upgrade Log for IP 'design_1_tinyNPU_0_0'

1. Summary
----------

SUCCESS in the upgrade of design_1_tinyNPU_0_0 (xilinx.com:user:tinyNPU:1.0) from (Rev. 7) to (Rev. 9)






Copyright 1986-2019 Xilinx, Inc. All Rights Reserved.
------------------------------------------------------------------------------------
| Tool Version : Vivado v.2019.1 (win64) Build 2552052 Fri May 24 14:49:42 MDT 2019
| Date         : Wed Sep 18 20:54:51 2024
| Host         : LeeJaePyeongDesktop running 64-bit major release  (build 9200)
| Command      : upgrade_ip
| Device       : xc7z020clg400-1
------------------------------------------------------------------------------------

Upgrade Log for IP 'design_1_tinyNPU_ParamSetter_0_0'

1. Summary
----------

CAUTION (success, with warnings) in the upgrade of design_1_tinyNPU_ParamSetter_0_0 (xilinx.com:user:tinyNPU_ParamSetter:1.0) from (Rev. 3) to (Rev. 4)

After upgrade, an IP may have parameter and port differences compared to the original customization. Please review the parameters within the IP customization GUI to ensure proper functionality. Also, please review the updated IP instantiation template to ensure proper connectivity, and update your design if required.

2. Connection Warnings
----------------------

Detected external port differences while upgrading 'design_1_tinyNPU_ParamSetter_0_0'. These changes may impact your design.


-Upgrade has removed port 'o_deq_X_s'

-Upgrade has removed port 'o_deq_w_s'

-Upgrade has removed port 'o_q_X_s'







Copyright 1986-2019 Xilinx, Inc. All Rights Reserved.
------------------------------------------------------------------------------------
| Tool Version : Vivado v.2019.1 (win64) Build 2552052 Fri May 24 14:49:42 MDT 2019
| Date         : Wed Sep 18 16:47:38 2024
| Host         : LeeJaePyeongDesktop running 64-bit major release  (build 9200)
| Command      : upgrade_ip
| Device       : xc7z020clg400-1
------------------------------------------------------------------------------------

Upgrade Log for IP 'design_1_tinyNPU_ParamSetter_0_0'

1. Summary
----------

CAUTION (success, with warnings) in the upgrade of design_1_tinyNPU_ParamSetter_0_0 (xilinx.com:user:tinyNPU_ParamSetter:1.0) from (Rev. 2) to (Rev. 3)

After upgrade, an IP may have parameter and port differences compared to the original customization. Please review the parameters within the IP customization GUI to ensure proper functionality. Also, please review the updated IP instantiation template to ensure proper connectivity, and update your design if required.

2. Connection Warnings
----------------------

Detected external port differences while upgrading 'design_1_tinyNPU_ParamSetter_0_0'. These changes may impact your design.


-Upgraded port 'o_deq_X_s' width 16 differs from original width 32

-Upgraded port 'o_deq_w_s' width 16 differs from original width 32


